<?xml version="1.0" encoding="UTF-8"?>
<testsuite name="com.krunal.controller.MoodAnalyserTest" tests="2" skipped="0" failures="0" errors="0" timestamp="2021-06-30T12:12:47" hostname="DESKTOP-M2BVJTD" time="0.005">
  <properties/>
  <testcase name="givenMessage_ToMoodAnalyser_ShouldReturnSad" classname="com.krunal.controller.MoodAnalyserTest" time="0.005"/>
  <testcase name="givenMessage_ToMoodAnalyser_ShouldReturnHappy" classname="com.krunal.controller.MoodAnalyserTest" time="0.0"/>
  <system-out><![CDATA[]]></system-out>
  <system-err><![CDATA[]]></system-err>
</testsuite>
