<?xml version="1.0" encoding="UTF-8"?>
<testsuite name="com.krunal.controller.MoodAnalyserTest" tests="4" skipped="0" failures="0" errors="0" timestamp="2021-06-30T13:13:10" hostname="DESKTOP-M2BVJTD" time="0.009">
  <properties/>
  <testcase name="givenMessageNull_ToMoodAnalyser_ShouldGiveProperException" classname="com.krunal.controller.MoodAnalyserTest" time="0.002"/>
  <testcase name="givenMessage_ToMoodAnalyser_ShouldReturnSad" classname="com.krunal.controller.MoodAnalyserTest" time="0.006"/>
  <testcase name="givenMessage_ToMoodAnalyser_ShouldReturnHappy" classname="com.krunal.controller.MoodAnalyserTest" time="0.0"/>
  <testcase name="givenMessageEmpty_ToMoodAnalyser_ShouldGiveProperException" classname="com.krunal.controller.MoodAnalyserTest" time="0.0"/>
  <system-out><![CDATA[]]></system-out>
  <system-err><![CDATA[]]></system-err>
</testsuite>
